<?xml version="1.0" encoding="UTF-8"?>
<testng-results ignored="0" total="1" passed="1" failed="0" skipped="0">
  <reporter-output>
  </reporter-output>
  <suite started-at="2021-08-03T16:41:02Z" name="Default suite" finished-at="2021-08-03T16:41:02Z" duration-ms="64">
    <groups>
    </groups>
    <test started-at="2021-08-03T16:41:02Z" name="Default test" finished-at="2021-08-03T16:41:02Z" duration-ms="64">
      <class name="sel.DemoTest">
        <test-method signature="demoTest()[pri:0, instance:sel.DemoTest@5b3f61ff]" started-at="2021-08-03T16:41:02Z" name="demoTest" finished-at="2021-08-03T16:41:02Z" duration-ms="22" status="PASS">
          <reporter-output>
          </reporter-output>
        </test-method> <!-- demoTest -->
      </class> <!-- sel.DemoTest -->
    </test> <!-- Default test -->
  </suite> <!-- Default suite -->
</testng-results>
